<?xml version="1.0" encoding="UTF-8"?>
<testsuite xmlns:xsi="http://www.w3.org/2001/XMLSchema-instance" xsi:noNamespaceSchemaLocation="https://maven.apache.org/surefire/maven-surefire-plugin/xsd/surefire-test-report-3.0.xsd" version="3.0" name="curso.java.hibernate.TestBootstrappingEntityManager" time="0.568" tests="3" errors="0" skipped="0" failures="0">
  <properties>
    <property name="java.specification.version" value="23"/>
    <property name="sun.jnu.encoding" value="UTF-8"/>
    <property name="java.class.path" value="/Users/MarvinDev/JAVA/hibernate/hibernate-samples-main/hibernate-jpa-basic/target/test-classes:/Users/MarvinDev/JAVA/hibernate/hibernate-samples-main/hibernate-jpa-basic/target/classes:/Users/MarvinDev/.m2/repository/org/springframework/boot/spring-boot-starter-data-jpa/3.2.0/spring-boot-starter-data-jpa-3.2.0.jar:/Users/MarvinDev/.m2/repository/org/springframework/boot/spring-boot-starter-aop/3.2.0/spring-boot-starter-aop-3.2.0.jar:/Users/MarvinDev/.m2/repository/org/springframework/spring-aop/6.1.1/spring-aop-6.1.1.jar:/Users/MarvinDev/.m2/repository/org/aspectj/aspectjweaver/1.9.20.1/aspectjweaver-1.9.20.1.jar:/Users/MarvinDev/.m2/repository/org/springframework/boot/spring-boot-starter-jdbc/3.2.0/spring-boot-starter-jdbc-3.2.0.jar:/Users/MarvinDev/.m2/repository/com/zaxxer/HikariCP/5.0.1/HikariCP-5.0.1.jar:/Users/MarvinDev/.m2/repository/org/springframework/spring-jdbc/6.1.1/spring-jdbc-6.1.1.jar:/Users/MarvinDev/.m2/repository/org/hibernate/orm/hibernate-core/6.3.1.Final/hibernate-core-6.3.1.Final.jar:/Users/MarvinDev/.m2/repository/jakarta/persistence/jakarta.persistence-api/3.1.0/jakarta.persistence-api-3.1.0.jar:/Users/MarvinDev/.m2/repository/jakarta/transaction/jakarta.transaction-api/2.0.1/jakarta.transaction-api-2.0.1.jar:/Users/MarvinDev/.m2/repository/org/jboss/logging/jboss-logging/3.5.3.Final/jboss-logging-3.5.3.Final.jar:/Users/MarvinDev/.m2/repository/org/hibernate/common/hibernate-commons-annotations/6.0.6.Final/hibernate-commons-annotations-6.0.6.Final.jar:/Users/MarvinDev/.m2/repository/io/smallrye/jandex/3.1.2/jandex-3.1.2.jar:/Users/MarvinDev/.m2/repository/com/fasterxml/classmate/1.6.0/classmate-1.6.0.jar:/Users/MarvinDev/.m2/repository/net/bytebuddy/byte-buddy/1.14.10/byte-buddy-1.14.10.jar:/Users/MarvinDev/.m2/repository/org/glassfish/jaxb/jaxb-runtime/4.0.4/jaxb-runtime-4.0.4.jar:/Users/MarvinDev/.m2/repository/org/glassfish/jaxb/jaxb-core/4.0.4/jaxb-core-4.0.4.jar:/Users/MarvinDev/.m2/repository/org/eclipse/angus/angus-activation/2.0.1/angus-activation-2.0.1.jar:/Users/MarvinDev/.m2/repository/org/glassfish/jaxb/txw2/4.0.4/txw2-4.0.4.jar:/Users/MarvinDev/.m2/repository/com/sun/istack/istack-commons-runtime/4.1.2/istack-commons-runtime-4.1.2.jar:/Users/MarvinDev/.m2/repository/jakarta/inject/jakarta.inject-api/2.0.1/jakarta.inject-api-2.0.1.jar:/Users/MarvinDev/.m2/repository/org/antlr/antlr4-runtime/4.10.1/antlr4-runtime-4.10.1.jar:/Users/MarvinDev/.m2/repository/org/springframework/data/spring-data-jpa/3.2.0/spring-data-jpa-3.2.0.jar:/Users/MarvinDev/.m2/repository/org/springframework/data/spring-data-commons/3.2.0/spring-data-commons-3.2.0.jar:/Users/MarvinDev/.m2/repository/org/springframework/spring-orm/6.1.1/spring-orm-6.1.1.jar:/Users/MarvinDev/.m2/repository/org/springframework/spring-context/6.1.1/spring-context-6.1.1.jar:/Users/MarvinDev/.m2/repository/org/springframework/spring-expression/6.1.1/spring-expression-6.1.1.jar:/Users/MarvinDev/.m2/repository/io/micrometer/micrometer-observation/1.12.0/micrometer-observation-1.12.0.jar:/Users/MarvinDev/.m2/repository/io/micrometer/micrometer-commons/1.12.0/micrometer-commons-1.12.0.jar:/Users/MarvinDev/.m2/repository/org/springframework/spring-tx/6.1.1/spring-tx-6.1.1.jar:/Users/MarvinDev/.m2/repository/org/springframework/spring-beans/6.1.1/spring-beans-6.1.1.jar:/Users/MarvinDev/.m2/repository/jakarta/annotation/jakarta.annotation-api/2.1.1/jakarta.annotation-api-2.1.1.jar:/Users/MarvinDev/.m2/repository/org/slf4j/slf4j-api/2.0.9/slf4j-api-2.0.9.jar:/Users/MarvinDev/.m2/repository/org/springframework/spring-aspects/6.1.1/spring-aspects-6.1.1.jar:/Users/MarvinDev/.m2/repository/com/h2database/h2/2.2.224/h2-2.2.224.jar:/Users/MarvinDev/.m2/repository/org/springframework/boot/spring-boot-starter-test/3.2.0/spring-boot-starter-test-3.2.0.jar:/Users/MarvinDev/.m2/repository/org/springframework/boot/spring-boot-starter/3.2.0/spring-boot-starter-3.2.0.jar:/Users/MarvinDev/.m2/repository/org/springframework/boot/spring-boot/3.2.0/spring-boot-3.2.0.jar:/Users/MarvinDev/.m2/repository/org/springframework/boot/spring-boot-autoconfigure/3.2.0/spring-boot-autoconfigure-3.2.0.jar:/Users/MarvinDev/.m2/repository/org/springframework/boot/spring-boot-starter-logging/3.2.0/spring-boot-starter-logging-3.2.0.jar:/Users/MarvinDev/.m2/repository/ch/qos/logback/logback-classic/1.4.11/logback-classic-1.4.11.jar:/Users/MarvinDev/.m2/repository/ch/qos/logback/logback-core/1.4.11/logback-core-1.4.11.jar:/Users/MarvinDev/.m2/repository/org/apache/logging/log4j/log4j-to-slf4j/2.21.1/log4j-to-slf4j-2.21.1.jar:/Users/MarvinDev/.m2/repository/org/apache/logging/log4j/log4j-api/2.21.1/log4j-api-2.21.1.jar:/Users/MarvinDev/.m2/repository/org/slf4j/jul-to-slf4j/2.0.9/jul-to-slf4j-2.0.9.jar:/Users/MarvinDev/.m2/repository/org/yaml/snakeyaml/2.2/snakeyaml-2.2.jar:/Users/MarvinDev/.m2/repository/org/springframework/boot/spring-boot-test/3.2.0/spring-boot-test-3.2.0.jar:/Users/MarvinDev/.m2/repository/org/springframework/boot/spring-boot-test-autoconfigure/3.2.0/spring-boot-test-autoconfigure-3.2.0.jar:/Users/MarvinDev/.m2/repository/com/jayway/jsonpath/json-path/2.8.0/json-path-2.8.0.jar:/Users/MarvinDev/.m2/repository/jakarta/xml/bind/jakarta.xml.bind-api/4.0.1/jakarta.xml.bind-api-4.0.1.jar:/Users/MarvinDev/.m2/repository/jakarta/activation/jakarta.activation-api/2.1.2/jakarta.activation-api-2.1.2.jar:/Users/MarvinDev/.m2/repository/net/minidev/json-smart/2.5.0/json-smart-2.5.0.jar:/Users/MarvinDev/.m2/repository/net/minidev/accessors-smart/2.5.0/accessors-smart-2.5.0.jar:/Users/MarvinDev/.m2/repository/org/ow2/asm/asm/9.3/asm-9.3.jar:/Users/MarvinDev/.m2/repository/org/assertj/assertj-core/3.24.2/assertj-core-3.24.2.jar:/Users/MarvinDev/.m2/repository/org/awaitility/awaitility/4.2.0/awaitility-4.2.0.jar:/Users/MarvinDev/.m2/repository/org/hamcrest/hamcrest/2.2/hamcrest-2.2.jar:/Users/MarvinDev/.m2/repository/org/junit/jupiter/junit-jupiter/5.10.1/junit-jupiter-5.10.1.jar:/Users/MarvinDev/.m2/repository/org/junit/jupiter/junit-jupiter-api/5.10.1/junit-jupiter-api-5.10.1.jar:/Users/MarvinDev/.m2/repository/org/opentest4j/opentest4j/1.3.0/opentest4j-1.3.0.jar:/Users/MarvinDev/.m2/repository/org/junit/platform/junit-platform-commons/1.10.1/junit-platform-commons-1.10.1.jar:/Users/MarvinDev/.m2/repository/org/apiguardian/apiguardian-api/1.1.2/apiguardian-api-1.1.2.jar:/Users/MarvinDev/.m2/repository/org/junit/jupiter/junit-jupiter-params/5.10.1/junit-jupiter-params-5.10.1.jar:/Users/MarvinDev/.m2/repository/org/junit/jupiter/junit-jupiter-engine/5.10.1/junit-jupiter-engine-5.10.1.jar:/Users/MarvinDev/.m2/repository/org/junit/platform/junit-platform-engine/1.10.1/junit-platform-engine-1.10.1.jar:/Users/MarvinDev/.m2/repository/org/mockito/mockito-core/5.7.0/mockito-core-5.7.0.jar:/Users/MarvinDev/.m2/repository/net/bytebuddy/byte-buddy-agent/1.14.10/byte-buddy-agent-1.14.10.jar:/Users/MarvinDev/.m2/repository/org/objenesis/objenesis/3.3/objenesis-3.3.jar:/Users/MarvinDev/.m2/repository/org/mockito/mockito-junit-jupiter/5.7.0/mockito-junit-jupiter-5.7.0.jar:/Users/MarvinDev/.m2/repository/org/skyscreamer/jsonassert/1.5.1/jsonassert-1.5.1.jar:/Users/MarvinDev/.m2/repository/com/vaadin/external/google/android-json/0.0.20131108.vaadin1/android-json-0.0.20131108.vaadin1.jar:/Users/MarvinDev/.m2/repository/org/springframework/spring-core/6.1.1/spring-core-6.1.1.jar:/Users/MarvinDev/.m2/repository/org/springframework/spring-jcl/6.1.1/spring-jcl-6.1.1.jar:/Users/MarvinDev/.m2/repository/org/springframework/spring-test/6.1.1/spring-test-6.1.1.jar:/Users/MarvinDev/.m2/repository/org/xmlunit/xmlunit-core/2.9.1/xmlunit-core-2.9.1.jar:"/>
    <property name="java.vm.vendor" value="Oracle Corporation"/>
    <property name="sun.arch.data.model" value="64"/>
    <property name="java.vendor.url" value="https://java.oracle.com/"/>
    <property name="user.timezone" value="Europe/Madrid"/>
    <property name="org.jboss.logging.provider" value="slf4j"/>
    <property name="os.name" value="Mac OS X"/>
    <property name="java.vm.specification.version" value="23"/>
    <property name="sun.java.launcher" value="SUN_STANDARD"/>
    <property name="user.country" value="ES"/>
    <property name="sun.boot.library.path" value="/Library/Java/JavaVirtualMachines/jdk-23.jdk/Contents/Home/lib"/>
    <property name="sun.java.command" value="/Users/MarvinDev/JAVA/hibernate/hibernate-samples-main/hibernate-jpa-basic/target/surefire/surefirebooter-20241031233947734_3.jar /Users/MarvinDev/JAVA/hibernate/hibernate-samples-main/hibernate-jpa-basic/target/surefire 2024-10-31T23-39-47_637-jvmRun1 surefire-20241031233947734_1tmp surefire_0-20241031233947734_2tmp"/>
    <property name="http.nonProxyHosts" value="local|*.local|169.254/16|*.169.254/16"/>
    <property name="jdk.debug" value="release"/>
    <property name="surefire.test.class.path" value="/Users/MarvinDev/JAVA/hibernate/hibernate-samples-main/hibernate-jpa-basic/target/test-classes:/Users/MarvinDev/JAVA/hibernate/hibernate-samples-main/hibernate-jpa-basic/target/classes:/Users/MarvinDev/.m2/repository/org/springframework/boot/spring-boot-starter-data-jpa/3.2.0/spring-boot-starter-data-jpa-3.2.0.jar:/Users/MarvinDev/.m2/repository/org/springframework/boot/spring-boot-starter-aop/3.2.0/spring-boot-starter-aop-3.2.0.jar:/Users/MarvinDev/.m2/repository/org/springframework/spring-aop/6.1.1/spring-aop-6.1.1.jar:/Users/MarvinDev/.m2/repository/org/aspectj/aspectjweaver/1.9.20.1/aspectjweaver-1.9.20.1.jar:/Users/MarvinDev/.m2/repository/org/springframework/boot/spring-boot-starter-jdbc/3.2.0/spring-boot-starter-jdbc-3.2.0.jar:/Users/MarvinDev/.m2/repository/com/zaxxer/HikariCP/5.0.1/HikariCP-5.0.1.jar:/Users/MarvinDev/.m2/repository/org/springframework/spring-jdbc/6.1.1/spring-jdbc-6.1.1.jar:/Users/MarvinDev/.m2/repository/org/hibernate/orm/hibernate-core/6.3.1.Final/hibernate-core-6.3.1.Final.jar:/Users/MarvinDev/.m2/repository/jakarta/persistence/jakarta.persistence-api/3.1.0/jakarta.persistence-api-3.1.0.jar:/Users/MarvinDev/.m2/repository/jakarta/transaction/jakarta.transaction-api/2.0.1/jakarta.transaction-api-2.0.1.jar:/Users/MarvinDev/.m2/repository/org/jboss/logging/jboss-logging/3.5.3.Final/jboss-logging-3.5.3.Final.jar:/Users/MarvinDev/.m2/repository/org/hibernate/common/hibernate-commons-annotations/6.0.6.Final/hibernate-commons-annotations-6.0.6.Final.jar:/Users/MarvinDev/.m2/repository/io/smallrye/jandex/3.1.2/jandex-3.1.2.jar:/Users/MarvinDev/.m2/repository/com/fasterxml/classmate/1.6.0/classmate-1.6.0.jar:/Users/MarvinDev/.m2/repository/net/bytebuddy/byte-buddy/1.14.10/byte-buddy-1.14.10.jar:/Users/MarvinDev/.m2/repository/org/glassfish/jaxb/jaxb-runtime/4.0.4/jaxb-runtime-4.0.4.jar:/Users/MarvinDev/.m2/repository/org/glassfish/jaxb/jaxb-core/4.0.4/jaxb-core-4.0.4.jar:/Users/MarvinDev/.m2/repository/org/eclipse/angus/angus-activation/2.0.1/angus-activation-2.0.1.jar:/Users/MarvinDev/.m2/repository/org/glassfish/jaxb/txw2/4.0.4/txw2-4.0.4.jar:/Users/MarvinDev/.m2/repository/com/sun/istack/istack-commons-runtime/4.1.2/istack-commons-runtime-4.1.2.jar:/Users/MarvinDev/.m2/repository/jakarta/inject/jakarta.inject-api/2.0.1/jakarta.inject-api-2.0.1.jar:/Users/MarvinDev/.m2/repository/org/antlr/antlr4-runtime/4.10.1/antlr4-runtime-4.10.1.jar:/Users/MarvinDev/.m2/repository/org/springframework/data/spring-data-jpa/3.2.0/spring-data-jpa-3.2.0.jar:/Users/MarvinDev/.m2/repository/org/springframework/data/spring-data-commons/3.2.0/spring-data-commons-3.2.0.jar:/Users/MarvinDev/.m2/repository/org/springframework/spring-orm/6.1.1/spring-orm-6.1.1.jar:/Users/MarvinDev/.m2/repository/org/springframework/spring-context/6.1.1/spring-context-6.1.1.jar:/Users/MarvinDev/.m2/repository/org/springframework/spring-expression/6.1.1/spring-expression-6.1.1.jar:/Users/MarvinDev/.m2/repository/io/micrometer/micrometer-observation/1.12.0/micrometer-observation-1.12.0.jar:/Users/MarvinDev/.m2/repository/io/micrometer/micrometer-commons/1.12.0/micrometer-commons-1.12.0.jar:/Users/MarvinDev/.m2/repository/org/springframework/spring-tx/6.1.1/spring-tx-6.1.1.jar:/Users/MarvinDev/.m2/repository/org/springframework/spring-beans/6.1.1/spring-beans-6.1.1.jar:/Users/MarvinDev/.m2/repository/jakarta/annotation/jakarta.annotation-api/2.1.1/jakarta.annotation-api-2.1.1.jar:/Users/MarvinDev/.m2/repository/org/slf4j/slf4j-api/2.0.9/slf4j-api-2.0.9.jar:/Users/MarvinDev/.m2/repository/org/springframework/spring-aspects/6.1.1/spring-aspects-6.1.1.jar:/Users/MarvinDev/.m2/repository/com/h2database/h2/2.2.224/h2-2.2.224.jar:/Users/MarvinDev/.m2/repository/org/springframework/boot/spring-boot-starter-test/3.2.0/spring-boot-starter-test-3.2.0.jar:/Users/MarvinDev/.m2/repository/org/springframework/boot/spring-boot-starter/3.2.0/spring-boot-starter-3.2.0.jar:/Users/MarvinDev/.m2/repository/org/springframework/boot/spring-boot/3.2.0/spring-boot-3.2.0.jar:/Users/MarvinDev/.m2/repository/org/springframework/boot/spring-boot-autoconfigure/3.2.0/spring-boot-autoconfigure-3.2.0.jar:/Users/MarvinDev/.m2/repository/org/springframework/boot/spring-boot-starter-logging/3.2.0/spring-boot-starter-logging-3.2.0.jar:/Users/MarvinDev/.m2/repository/ch/qos/logback/logback-classic/1.4.11/logback-classic-1.4.11.jar:/Users/MarvinDev/.m2/repository/ch/qos/logback/logback-core/1.4.11/logback-core-1.4.11.jar:/Users/MarvinDev/.m2/repository/org/apache/logging/log4j/log4j-to-slf4j/2.21.1/log4j-to-slf4j-2.21.1.jar:/Users/MarvinDev/.m2/repository/org/apache/logging/log4j/log4j-api/2.21.1/log4j-api-2.21.1.jar:/Users/MarvinDev/.m2/repository/org/slf4j/jul-to-slf4j/2.0.9/jul-to-slf4j-2.0.9.jar:/Users/MarvinDev/.m2/repository/org/yaml/snakeyaml/2.2/snakeyaml-2.2.jar:/Users/MarvinDev/.m2/repository/org/springframework/boot/spring-boot-test/3.2.0/spring-boot-test-3.2.0.jar:/Users/MarvinDev/.m2/repository/org/springframework/boot/spring-boot-test-autoconfigure/3.2.0/spring-boot-test-autoconfigure-3.2.0.jar:/Users/MarvinDev/.m2/repository/com/jayway/jsonpath/json-path/2.8.0/json-path-2.8.0.jar:/Users/MarvinDev/.m2/repository/jakarta/xml/bind/jakarta.xml.bind-api/4.0.1/jakarta.xml.bind-api-4.0.1.jar:/Users/MarvinDev/.m2/repository/jakarta/activation/jakarta.activation-api/2.1.2/jakarta.activation-api-2.1.2.jar:/Users/MarvinDev/.m2/repository/net/minidev/json-smart/2.5.0/json-smart-2.5.0.jar:/Users/MarvinDev/.m2/repository/net/minidev/accessors-smart/2.5.0/accessors-smart-2.5.0.jar:/Users/MarvinDev/.m2/repository/org/ow2/asm/asm/9.3/asm-9.3.jar:/Users/MarvinDev/.m2/repository/org/assertj/assertj-core/3.24.2/assertj-core-3.24.2.jar:/Users/MarvinDev/.m2/repository/org/awaitility/awaitility/4.2.0/awaitility-4.2.0.jar:/Users/MarvinDev/.m2/repository/org/hamcrest/hamcrest/2.2/hamcrest-2.2.jar:/Users/MarvinDev/.m2/repository/org/junit/jupiter/junit-jupiter/5.10.1/junit-jupiter-5.10.1.jar:/Users/MarvinDev/.m2/repository/org/junit/jupiter/junit-jupiter-api/5.10.1/junit-jupiter-api-5.10.1.jar:/Users/MarvinDev/.m2/repository/org/opentest4j/opentest4j/1.3.0/opentest4j-1.3.0.jar:/Users/MarvinDev/.m2/repository/org/junit/platform/junit-platform-commons/1.10.1/junit-platform-commons-1.10.1.jar:/Users/MarvinDev/.m2/repository/org/apiguardian/apiguardian-api/1.1.2/apiguardian-api-1.1.2.jar:/Users/MarvinDev/.m2/repository/org/junit/jupiter/junit-jupiter-params/5.10.1/junit-jupiter-params-5.10.1.jar:/Users/MarvinDev/.m2/repository/org/junit/jupiter/junit-jupiter-engine/5.10.1/junit-jupiter-engine-5.10.1.jar:/Users/MarvinDev/.m2/repository/org/junit/platform/junit-platform-engine/1.10.1/junit-platform-engine-1.10.1.jar:/Users/MarvinDev/.m2/repository/org/mockito/mockito-core/5.7.0/mockito-core-5.7.0.jar:/Users/MarvinDev/.m2/repository/net/bytebuddy/byte-buddy-agent/1.14.10/byte-buddy-agent-1.14.10.jar:/Users/MarvinDev/.m2/repository/org/objenesis/objenesis/3.3/objenesis-3.3.jar:/Users/MarvinDev/.m2/repository/org/mockito/mockito-junit-jupiter/5.7.0/mockito-junit-jupiter-5.7.0.jar:/Users/MarvinDev/.m2/repository/org/skyscreamer/jsonassert/1.5.1/jsonassert-1.5.1.jar:/Users/MarvinDev/.m2/repository/com/vaadin/external/google/android-json/0.0.20131108.vaadin1/android-json-0.0.20131108.vaadin1.jar:/Users/MarvinDev/.m2/repository/org/springframework/spring-core/6.1.1/spring-core-6.1.1.jar:/Users/MarvinDev/.m2/repository/org/springframework/spring-jcl/6.1.1/spring-jcl-6.1.1.jar:/Users/MarvinDev/.m2/repository/org/springframework/spring-test/6.1.1/spring-test-6.1.1.jar:/Users/MarvinDev/.m2/repository/org/xmlunit/xmlunit-core/2.9.1/xmlunit-core-2.9.1.jar:"/>
    <property name="sun.cpu.endian" value="little"/>
    <property name="user.home" value="/Users/MarvinDev"/>
    <property name="user.language" value="es"/>
    <property name="java.specification.vendor" value="Oracle Corporation"/>
    <property name="java.version.date" value="2024-09-17"/>
    <property name="java.home" value="/Library/Java/JavaVirtualMachines/jdk-23.jdk/Contents/Home"/>
    <property name="file.separator" value="/"/>
    <property name="basedir" value="/Users/MarvinDev/JAVA/hibernate/hibernate-samples-main/hibernate-jpa-basic"/>
    <property name="java.vm.compressedOopsMode" value="Zero based"/>
    <property name="line.separator" value="&#10;"/>
    <property name="java.vm.specification.vendor" value="Oracle Corporation"/>
    <property name="java.specification.name" value="Java Platform API Specification"/>
    <property name="FILE_LOG_CHARSET" value="UTF-8"/>
    <property name="java.awt.headless" value="true"/>
    <property name="apple.awt.application.name" value="ForkedBooter"/>
    <property name="surefire.real.class.path" value="/Users/MarvinDev/JAVA/hibernate/hibernate-samples-main/hibernate-jpa-basic/target/surefire/surefirebooter-20241031233947734_3.jar"/>
    <property name="sun.management.compiler" value="HotSpot 64-Bit Tiered Compilers"/>
    <property name="ftp.nonProxyHosts" value="local|*.local|169.254/16|*.169.254/16"/>
    <property name="java.runtime.version" value="23+37-2369"/>
    <property name="user.name" value="MarvinDev"/>
    <property name="stdout.encoding" value="UTF-8"/>
    <property name="path.separator" value=":"/>
    <property name="os.version" value="10.15.7"/>
    <property name="java.runtime.name" value="Java(TM) SE Runtime Environment"/>
    <property name="file.encoding" value="UTF-8"/>
    <property name="java.vm.name" value="Java HotSpot(TM) 64-Bit Server VM"/>
    <property name="localRepository" value="/Users/MarvinDev/.m2/repository"/>
    <property name="java.vendor.url.bug" value="https://bugreport.java.com/bugreport/"/>
    <property name="java.io.tmpdir" value="/var/folders/k9/r_m60ff52sb3mnz8b6tqqwp00000gn/T/"/>
    <property name="idea.version" value="2024.2.3"/>
    <property name="com.zaxxer.hikari.pool_number" value="1"/>
    <property name="java.version" value="23"/>
    <property name="user.dir" value="/Users/MarvinDev/JAVA/hibernate/hibernate-samples-main/hibernate-jpa-basic"/>
    <property name="os.arch" value="x86_64"/>
    <property name="java.vm.specification.name" value="Java Virtual Machine Specification"/>
    <property name="PID" value="2806"/>
    <property name="CONSOLE_LOG_CHARSET" value="UTF-8"/>
    <property name="native.encoding" value="UTF-8"/>
    <property name="java.library.path" value="/Users/MarvinDev/Library/Java/Extensions:/Library/Java/Extensions:/Network/Library/Java/Extensions:/System/Library/Java/Extensions:/usr/lib/java:."/>
    <property name="java.vm.info" value="mixed mode, sharing"/>
    <property name="stderr.encoding" value="UTF-8"/>
    <property name="java.vendor" value="Oracle Corporation"/>
    <property name="java.vm.version" value="23+37-2369"/>
    <property name="sun.io.unicode.encoding" value="UnicodeBig"/>
    <property name="socksNonProxyHosts" value="local|*.local|169.254/16|*.169.254/16"/>
    <property name="java.class.version" value="67.0"/>
  </properties>
  <testcase name="verifyRepositoryByPersistingAnEmployee" classname="curso.java.hibernate.TestBootstrappingEntityManager" time="0.016">
    <system-out><![CDATA[2024-10-31_23:39:55.049 INFO  o.s.t.c.s.AnnotationConfigContextLoaderUtils - Could not detect default configuration classes for test class [curso.java.hibernate.TestBootstrappingEntityManager]: TestBootstrappingEntityManager does not declare any static, non-private, non-final, nested classes annotated with @Configuration.
2024-10-31_23:39:55.071 INFO  o.s.b.t.c.SpringBootTestContextBootstrapper - Found @SpringBootConfiguration curso.java.hibernate.HibernateExampleApp for test class curso.java.hibernate.TestBootstrappingEntityManager

  .   ____          _            __ _ _
 /\\ / ___'_ __ _ _(_)_ __  __ _ \ \ \ \
( ( )\___ | '_ | '_| | '_ \/ _` | \ \ \ \
 \\/  ___)| |_)| | | | | || (_| |  ) ) ) )
  '  |____| .__|_| |_|_| |_\__, | / / / /
 =========|_|==============|___/=/_/_/_/
&amp#27;[32m :: Spring Boot :: &amp#27;[39m              &amp#27;[2m (v3.2.0)&amp#27;[0;39m

2024-10-31_23:39:55.102 INFO  c.j.h.TestBootstrappingEntityManager - Starting TestBootstrappingEntityManager using Java 23 with PID 2806 (started by MarvinDev in /Users/MarvinDev/JAVA/hibernate/hibernate-samples-main/hibernate-jpa-basic)
2024-10-31_23:39:55.103 INFO  c.j.h.TestBootstrappingEntityManager - No active profile set, falling back to 1 default profile: "default"
2024-10-31_23:39:55.265 INFO  o.s.d.r.c.RepositoryConfigurationDelegate - Bootstrapping Spring Data JPA repositories in DEFAULT mode.
2024-10-31_23:39:55.274 INFO  o.s.d.r.c.RepositoryConfigurationDelegate - Finished Spring Data repository scanning in 8 ms. Found 1 JPA repository interface.
2024-10-31_23:39:55.291 INFO  o.s.b.t.a.j.TestDatabaseAutoConfiguration$EmbeddedDataSourceBeanFactoryPostProcessor - Replacing 'dataSource' DataSource bean with embedded version
2024-10-31_23:39:55.320 INFO  o.s.j.d.e.EmbeddedDatabaseFactory - Starting embedded database: url='jdbc:h2:mem:5bba6251-9c03-435b-8222-5b06f40fc472;DB_CLOSE_DELAY=-1;DB_CLOSE_ON_EXIT=false', username='sa'
2024-10-31_23:39:55.342 INFO  o.h.jpa.internal.util.LogHelper - HHH000204: Processing PersistenceUnitInfo [name: default]
2024-10-31_23:39:55.344 INFO  o.h.c.i.RegionFactoryInitiator - HHH000026: Second-level cache disabled
2024-10-31_23:39:55.347 INFO  o.s.o.j.p.SpringPersistenceUnitInfo - No LoadTimeWeaver setup: ignoring JPA class transformer
2024-10-31_23:39:55.349 WARN  org.hibernate.orm.deprecation - HHH90000025: H2Dialect does not need to be specified explicitly using 'hibernate.dialect' (remove the property setting and it will be selected by default)
2024-10-31_23:39:55.439 INFO  o.h.e.t.j.p.i.JtaPlatformInitiator - HHH000489: No JTA platform available (set 'hibernate.transaction.jta.platform' to enable JTA platform integration)
2024-10-31_23:39:55.440 INFO  o.s.o.j.LocalContainerEntityManagerFactoryBean - Initialized JPA EntityManagerFactory for persistence unit 'default'
2024-10-31_23:39:55.548 INFO  c.j.h.TestBootstrappingEntityManager - Started TestBootstrappingEntityManager in 0.473 seconds (process running for 7.687)
Hibernate: insert into tbl_employee (email,first_name,last_name,id) values (?,?,?,default)
Hibernate: insert into tbl_task (employee_id,task_description,task_name,id) values (?,?,?,default)
Hibernate: insert into tbl_task (employee_id,task_description,task_name,id) values (?,?,?,default)
Hibernate: update tbl_task set employee_id=? where id=?
Hibernate: update tbl_task set employee_id=? where id=?
Hibernate: select e1_0.id,e1_0.email,e1_0.first_name,e1_0.last_name,t1_0.employee_id,t1_0.id,t1_0.task_description,t1_0.task_name from tbl_employee e1_0 left join tbl_task t1_0 on e1_0.id=t1_0.employee_id where e1_0.id=?
2024-10-31_23:39:55.560 INFO  c.j.h.HibernateExampleApp$$SpringCGLIB$$0 - Employee id 2 -> Employee{id=2, email='xyz@email.com', firstName='Deja', lastName='Vu', tasks=[]}
Hibernate: select e1_0.id,e1_0.email,e1_0.first_name,e1_0.last_name from tbl_employee e1_0
Hibernate: select t1_0.employee_id,t1_0.id,t1_0.task_description,t1_0.task_name from tbl_task t1_0 where t1_0.employee_id=?
Hibernate: select t1_0.employee_id,t1_0.id,t1_0.task_description,t1_0.task_name from tbl_task t1_0 where t1_0.employee_id=?
Hibernate: select t1_0.employee_id,t1_0.id,t1_0.task_description,t1_0.task_name from tbl_task t1_0 where t1_0.employee_id=?
Hibernate: select t1_0.employee_id,t1_0.id,t1_0.task_description,t1_0.task_name from tbl_task t1_0 where t1_0.employee_id=?
Hibernate: select t1_0.employee_id,t1_0.id,t1_0.task_description,t1_0.task_name from tbl_task t1_0 where t1_0.employee_id=?
Hibernate: select t1_0.employee_id,t1_0.id,t1_0.task_description,t1_0.task_name from tbl_task t1_0 where t1_0.employee_id=?
Hibernate: select t1_0.employee_id,t1_0.id,t1_0.task_description,t1_0.task_name from tbl_task t1_0 where t1_0.employee_id=?
Employee{id=1, email='abc@gmail.com', firstName='Lokesh', lastName='Gupta', tasks=[]}
Employee{id=2, email='xyz@email.com', firstName='Deja', lastName='Vu', tasks=[]}
Employee{id=3, email='cap@marvel.com', firstName='Caption', lastName='America', tasks=[]}
Employee{id=4, email='abc@gmail.com', firstName='Lokesh', lastName='Gupta', tasks=[]}
Employee{id=5, email='xyz@email.com', firstName='Deja', lastName='Vu', tasks=[]}
Employee{id=6, email='cap@marvel.com', firstName='Caption', lastName='America', tasks=[]}
Employee{id=7, email='new Employee email', firstName='Bart', lastName='Simpson', tasks=[Task{id=1, taskName='report generation', taskDescription='Daily report generation'}, Task{id=2, taskName='view generation', taskDescription='Daily view generation'}]}
Hibernate: insert into tbl_employee (email,first_name,last_name,id) values (?,?,?,default)
]]></system-out>
  </testcase>
  <testcase name="contextLoads" classname="curso.java.hibernate.TestBootstrappingEntityManager" time="0.008"/>
  <testcase name="verifyBootstrappingByPersistingAnEmployee" classname="curso.java.hibernate.TestBootstrappingEntityManager" time="0.011">
    <system-out><![CDATA[Hibernate: insert into tbl_employee (email,first_name,last_name,id) values (?,?,?,default)
]]></system-out>
  </testcase>
</testsuite>